Has 'Software\Daisy 5.64 (w64)' registry entry.
Using 'C:\Program Files\Daisy 5.64' as daisy home.
Reseting current directory to 'C:\Users\tqc268\Desktop\Github\StyrN\Scenarios\common'
Daisy crop/soil simulation version 5.64. (May 22 2018)
Copyright 1996 - 2016 Per Abrahamsen, Søren Hansen and KU.
Changing directory to 'C:\Users\tqc268\Desktop\Github\StyrN\Scenarios\common' success
In directory 'C:\Users\tqc268\Desktop\Github\StyrN\Scenarios\common':
Opening absolute file name 'C:\Users\tqc268\Desktop\Github\StyrN\Scenarios\common\Scenarier_spinup.dai'
* Parsing file: 'C:\Users\tqc268\Desktop\Github\StyrN\Scenarios\common\Scenarier_spinup.dai'
Path set to:
0: './common'
1: './../../common'
2: '.'
3: 'C:\Program Files\Daisy 5.64/lib'
4: 'C:\Program Files\Daisy 5.64/sample'
done
** input
*** file
In directory 'C:\Users\tqc268\Desktop\Github\StyrN\Scenarios\common':
Looking for file 'dk-maize.dai'
Trying './common\dk-maize.dai'
Trying './../../common\dk-maize.dai'
Trying 'C:\Users\tqc268\Desktop\Github\StyrN\Scenarios\common\dk-maize.dai' (cwd)
Trying 'C:\Program Files\Daisy 5.64/lib\dk-maize.dai' success!
** input
*** file
In directory 'C:\Users\tqc268\Desktop\Github\StyrN\Scenarios\common':
Looking for file 'dk-rye.dai'
Trying './common\dk-rye.dai'
Trying './../../common\dk-rye.dai'
Trying 'C:\Users\tqc268\Desktop\Github\StyrN\Scenarios\common\dk-rye.dai' (cwd)
Trying 'C:\Program Files\Daisy 5.64/lib\dk-rye.dai' success!
** input
*** file
In directory 'C:\Users\tqc268\Desktop\Github\StyrN\Scenarios\common':
Looking for file 'wrape_mes.dai'
Trying './common\wrape_mes.dai'
Trying './../../common\wrape_mes.dai'
Trying 'C:\Users\tqc268\Desktop\Github\StyrN\Scenarios\common\wrape_mes.dai' (cwd) success!
** Parsing file: 'wrape_mes.dai'
*** input
**** file
In directory 'C:\Users\tqc268\Desktop\Github\StyrN\Scenarios\common':
Looking for file 'wrape.dai'
Trying './common\wrape.dai'
Trying './../../common\wrape.dai'
Trying 'C:\Users\tqc268\Desktop\Github\StyrN\Scenarios\common\wrape.dai' (cwd)
Trying 'C:\Program Files\Daisy 5.64/lib\wrape.dai' success!
** input
*** file
In directory 'C:\Users\tqc268\Desktop\Github\StyrN\Scenarios\common':
Looking for file 'dk-grass.dai'
Trying './common\dk-grass.dai'
Trying './../../common\dk-grass.dai'
Trying 'C:\Users\tqc268\Desktop\Github\StyrN\Scenarios\common\dk-grass.dai' (cwd)
Trying 'C:\Program Files\Daisy 5.64/lib\dk-grass.dai' success!
** input
*** file
In directory 'C:\Users\tqc268\Desktop\Github\StyrN\Scenarios\common':
Looking for file 'Winter Wheat JG_C2.dai'
Trying './common\Winter Wheat JG_C2.dai'
Trying './../../common\Winter Wheat JG_C2.dai'
Trying 'C:\Users\tqc268\Desktop\Github\StyrN\Scenarios\common\Winter Wheat JG_C2.dai' (cwd) success!
** Parsing file: 'Winter Wheat JG_C2.dai'
*** input
**** file
In directory 'C:\Users\tqc268\Desktop\Github\StyrN\Scenarios\common':
Looking for file 'wwheat.dai'
Trying './common\wwheat.dai'
Trying './../../common\wwheat.dai'
Trying 'C:\Users\tqc268\Desktop\Github\StyrN\Scenarios\common\wwheat.dai' (cwd)
Trying 'C:\Program Files\Daisy 5.64/lib\wwheat.dai' success!
** input
*** file
In directory 'C:\Users\tqc268\Desktop\Github\StyrN\Scenarios\common':
Looking for file 'swheat.dai'
Trying './common\swheat.dai'
Trying './../../common\swheat.dai'
Trying 'C:\Users\tqc268\Desktop\Github\StyrN\Scenarios\common\swheat.dai' (cwd)
Trying 'C:\Program Files\Daisy 5.64/lib\swheat.dai' success!
** input
*** file
In directory 'C:\Users\tqc268\Desktop\Github\StyrN\Scenarios\common':
Looking for file 'dk-wbarley.dai'
Trying './common\dk-wbarley.dai'
Trying './../../common\dk-wbarley.dai'
Trying 'C:\Users\tqc268\Desktop\Github\StyrN\Scenarios\common\dk-wbarley.dai' (cwd)
Trying 'C:\Program Files\Daisy 5.64/lib\dk-wbarley.dai' success!
** input
*** file
In directory 'C:\Users\tqc268\Desktop\Github\StyrN\Scenarios\common':
Looking for file 'potato.dai'
Trying './common\potato.dai'
Trying './../../common\potato.dai'
Trying 'C:\Users\tqc268\Desktop\Github\StyrN\Scenarios\common\potato.dai' (cwd)
Trying 'C:\Program Files\Daisy 5.64/lib\potato.dai' success!
** input
*** file
In directory 'C:\Users\tqc268\Desktop\Github\StyrN\Scenarios\common':
Looking for file 'Potato_FP.dai'
Trying './common\Potato_FP.dai'
Trying './../../common\Potato_FP.dai'
Trying 'C:\Users\tqc268\Desktop\Github\StyrN\Scenarios\common\Potato_FP.dai' (cwd) success!
** input
*** file
In directory 'C:\Users\tqc268\Desktop\Github\StyrN\Scenarios\common':
Looking for file 'pea.dai'
Trying './common\pea.dai'
Trying './../../common\pea.dai'
Trying 'C:\Users\tqc268\Desktop\Github\StyrN\Scenarios\common\pea.dai' (cwd)
Trying 'C:\Program Files\Daisy 5.64/lib\pea.dai' success!
** input
*** file
In directory 'C:\Users\tqc268\Desktop\Github\StyrN\Scenarios\common':
Looking for file 'sugarbeet.dai'
Trying './common\sugarbeet.dai'
Trying './../../common\sugarbeet.dai'
Trying 'C:\Users\tqc268\Desktop\Github\StyrN\Scenarios\common\sugarbeet.dai' (cwd)
Trying 'C:\Program Files\Daisy 5.64/lib\sugarbeet.dai' success!
** input
*** file
In directory 'C:\Users\tqc268\Desktop\Github\StyrN\Scenarios\common':
Looking for file 'tillage.dai'
Trying './common\tillage.dai'
Trying './../../common\tillage.dai'
Trying 'C:\Users\tqc268\Desktop\Github\StyrN\Scenarios\common\tillage.dai' (cwd)
Trying 'C:\Program Files\Daisy 5.64/lib\tillage.dai' success!
** input
*** file
In directory 'C:\Users\tqc268\Desktop\Github\StyrN\Scenarios\common':
Looking for file 'fertilizer.dai'
Trying './common\fertilizer.dai'
Trying './../../common\fertilizer.dai'
Trying 'C:\Users\tqc268\Desktop\Github\StyrN\Scenarios\common\fertilizer.dai' (cwd)
Trying 'C:\Program Files\Daisy 5.64/lib\fertilizer.dai' success!
** input
*** file
In directory 'C:\Users\tqc268\Desktop\Github\StyrN\Scenarios\common':
Looking for file 'Org_fert.dai'
Trying './common\Org_fert.dai'
Trying './../../common\Org_fert.dai'
Trying 'C:\Users\tqc268\Desktop\Github\StyrN\Scenarios\common\Org_fert.dai' (cwd) success!
** input
*** file
In directory 'C:\Users\tqc268\Desktop\Github\StyrN\Scenarios\common':
Looking for file 'Springbarley_MES_23_2.dai'
Trying './common\Springbarley_MES_23_2.dai'
Trying './../../common\Springbarley_MES_23_2.dai'
Trying 'C:\Users\tqc268\Desktop\Github\StyrN\Scenarios\common\Springbarley_MES_23_2.dai' (cwd) success!
** Parsing file: 'Springbarley_MES_23_2.dai'
*** input
**** file
In directory 'C:\Users\tqc268\Desktop\Github\StyrN\Scenarios\common':
Looking for file 'sbarley.dai'
Trying './common\sbarley.dai'
Trying './../../common\sbarley.dai'
Trying 'C:\Users\tqc268\Desktop\Github\StyrN\Scenarios\common\sbarley.dai' (cwd)
Trying 'C:\Program Files\Daisy 5.64/lib\sbarley.dai' success!
** input
*** file
In directory 'C:\Users\tqc268\Desktop\Github\StyrN\Scenarios\common':
Looking for file 'skb-ryegrass.dai'
Trying './common\skb-ryegrass.dai'
Trying './../../common\skb-ryegrass.dai'
Trying 'C:\Users\tqc268\Desktop\Github\StyrN\Scenarios\common\skb-ryegrass.dai' (cwd) success!
** input
*** file
In directory 'C:\Users\tqc268\Desktop\Github\StyrN\Scenarios\common':
Looking for file 'skb-wclover.dai'
Trying './common\skb-wclover.dai'
Trying './../../common\skb-wclover.dai'
Trying 'C:\Users\tqc268\Desktop\Github\StyrN\Scenarios\common\skb-wclover.dai' (cwd) success!
** input
*** file
In directory 'C:\Users\tqc268\Desktop\Github\StyrN\Scenarios\common':
Looking for file 'dk-horizon.dai'
Trying './common\dk-horizon.dai'
Trying './../../common\dk-horizon.dai'
Trying 'C:\Users\tqc268\Desktop\Github\StyrN\Scenarios\common\dk-horizon.dai' (cwd)
Trying 'C:\Program Files\Daisy 5.64/lib\dk-horizon.dai' success!
** input
*** file
In directory 'C:\Users\tqc268\Desktop\Github\StyrN\Scenarios\common':
Looking for file 'dk-soil.dai'
Trying './common\dk-soil.dai'
Trying './../../common\dk-soil.dai'
Trying 'C:\Users\tqc268\Desktop\Github\StyrN\Scenarios\common\dk-soil.dai' (cwd)
Trying 'C:\Program Files\Daisy 5.64/lib\dk-soil.dai'
Trying 'C:\Program Files\Daisy 5.64/sample\dk-soil.dai' success!
** input
*** file
In directory 'C:\Users\tqc268\Desktop\Github\StyrN\Scenarios\common':
Looking for file 'OutputLog_spinup.dai'
Trying './common\OutputLog_spinup.dai'
Trying './../../common\OutputLog_spinup.dai'
Trying 'C:\Users\tqc268\Desktop\Github\StyrN\Scenarios\common\OutputLog_spinup.dai' (cwd) success!
** Parsing file: 'OutputLog_spinup.dai'
*** input
**** file
In directory 'C:\Users\tqc268\Desktop\Github\StyrN\Scenarios\common':
Looking for file 'log.dai'
Trying './common\log.dai'
Trying './../../common\log.dai'
Trying 'C:\Users\tqc268\Desktop\Github\StyrN\Scenarios\common\log.dai' (cwd)
Trying 'C:\Program Files\Daisy 5.64/lib\log.dai' success!
*** Parsing file: 'log.dai'
**** input
***** file
In directory 'C:\Users\tqc268\Desktop\Github\StyrN\Scenarios\common':
Looking for file 'log-std.dai'
Trying './common\log-std.dai'
Trying './../../common\log-std.dai'
Trying 'C:\Users\tqc268\Desktop\Github\StyrN\Scenarios\common\log-std.dai' (cwd)
Trying 'C:\Program Files\Daisy 5.64/lib\log-std.dai' success!
** In 'column' model #1
C:\Users\tqc268\Desktop\Github\StyrN\Scenarios\common\Scenarier_spinup.dai:49:19: Unknown 'column' model 'JB1; FAO' (error)
Command line: C:\Program Files\Daisy 5.64\bin\daisy.exe C:\Users\tqc268\Desktop\Github\StyrN\Scenarios\common\Scenarier_spinup.dai
Storing 'daisy.log' in 'C:\Users\tqc268\Desktop\Github\StyrN\Scenarios\common'
